Using pre-set license
Built from '2020.3/staging' branch; Version is '2020.3.8f1 (507919d4fff5) revision 5273881'; Using compiler version '192528614'; Build Type 'Release'
OS: 'Windows 10 Home Single Language; OS build 19042.1415; Version 2009; 64bit' Language: 'en' Physical Memory: 16252 MB
BatchMode: 1, IsHumanControllingUs: 0, StartBugReporterOnCrash: 0, Is64bit: 1, IsPro: 0

 COMMAND LINE ARGUMENTS:
D:\download APP\2020.3.8f1\Editor\Unity.exe
-adb2
-batchMode
-noUpm
-name
AssetImportWorker0
-projectPath
D:/other code/Unity/SpaceGone
-logFile
Logs/AssetImportWorker0.log
-srvPort
53077
Successfully changed project path to: D:/other code/Unity/SpaceGone
D:/other code/Unity/SpaceGone
Using Asset Import Pipeline V2.
Refreshing native plugins compatible for Editor in 110.37 ms, found 1 plugins.
Preloading 0 native plugins for Editor in 0.00 ms.
Initialize engine version: 2020.3.8f1 (507919d4fff5)
[Subsystems] Discovering subsystems at path D:/download APP/2020.3.8f1/Editor/Data/Resources/UnitySubsystems
[Subsystems] Discovering subsystems at path D:/other code/Unity/SpaceGone/Assets
GfxDevice: creating device client; threaded=0
Direct3D:
    Version:  Direct3D 11.0 [level 11.0]
    Renderer: NVIDIA GeForce GTX 960M (ID=0x139b)
    Vendor:   
    VRAM:     4055 MB
    Driver:   23.21.13.9125
Initialize mono
Mono path[0] = 'D:/download APP/2020.3.8f1/Editor/Data/Managed'
Mono path[1] = 'D:/download APP/2020.3.8f1/Editor/Data/MonoBleedingEdge/lib/mono/unityjit'
Mono config path = 'D:/download APP/2020.3.8f1/Editor/Data/MonoBleedingEdge/etc'
Using monoOptions --debugger-agent=transport=dt_socket,embedding=1,server=y,suspend=n,address=127.0.0.1:56840
Begin MonoManager ReloadAssembly
Registering precompiled unity dll's ...
Register platform support module: D:/download APP/2020.3.8f1/Editor/Data/PlaybackEngines/WindowsStandaloneSupport/UnityEditor.WindowsStandalone.Extensions.dll
Registered in 0.003176 seconds.
Native extension for WindowsStandalone target not found
Refreshing native plugins compatible for Editor in 74.76 ms, found 1 plugins.
Preloading 0 native plugins for Editor in 0.00 ms.
Mono: successfully reloaded assembly
- Completed reload, in  3.148 seconds
Platform modules already initialized, skipping
Registering precompiled user dll's ...
Registered in 0.005456 seconds.
Begin MonoManager ReloadAssembly
Native extension for WindowsStandalone target not found
Refreshing native plugins compatible for Editor in 62.48 ms, found 1 plugins.
Preloading 0 native plugins for Editor in 0.00 ms.
Mono: successfully reloaded assembly
- Completed reload, in  1.677 seconds
Platform modules already initialized, skipping
========================================================================
Worker process is ready to serve import requests
Launched and connected shader compiler UnityShaderCompiler.exe after 0.12 seconds
Refreshing native plugins compatible for Editor in 3.40 ms, found 1 plugins.
Preloading 0 native plugins for Editor in 0.00 ms.
Unloading 2154 Unused Serialized files (Serialized files now loaded: 0)
System memory in use before: 96.2 MB.
System memory in use after: 96.2 MB.

Unloading 189 unused Assets to reduce memory usage. Loaded Objects now: 2448.
Total: 3.632900 ms (FindLiveObjects: 0.348000 ms CreateObjectMapping: 0.155400 ms MarkObjects: 2.896700 ms  DeleteObjects: 0.231200 ms)

========================================================================
Received Import Request.
  path: Assets/scripts/Data.cs
  artifactKey: Guid(e1460fa64a2e28648b2049eb538080a0) Importer(815301076,1909f56bfc062723c751e8b465ee728b)
Start importing Assets/scripts/Data.cs using Guid(e1460fa64a2e28648b2049eb538080a0) Importer(815301076,1909f56bfc062723c751e8b465ee728b)  -> (artifact id: 'bbb3056cdb415b02f3f7ca64b136bc7f') in 0.109825 seconds
  Import took 0.155456 seconds .

AssetImportWorkerClient::OnTransportError - code=2 error=End of file
