Using pre-set license
Built from '2020.3/staging' branch; Version is '2020.3.8f1 (507919d4fff5) revision 5273881'; Using compiler version '192528614'; Build Type 'Release'
OS: 'Windows 10 Home Single Language; OS build 19044.1706; Version 2009; 64bit' Language: 'en' Physical Memory: 16252 MB
BatchMode: 1, IsHumanControllingUs: 0, StartBugReporterOnCrash: 0, Is64bit: 1, IsPro: 0

 COMMAND LINE ARGUMENTS:
D:\download APP\2020.3.8f1\Editor\Unity.exe
-adb2
-batchMode
-noUpm
-name
AssetImportWorker0
-projectPath
D:/other code/Unity/SpaceGone
-logFile
Logs/AssetImportWorker0.log
-srvPort
58918
Successfully changed project path to: D:/other code/Unity/SpaceGone
D:/other code/Unity/SpaceGone
Using Asset Import Pipeline V2.
Refreshing native plugins compatible for Editor in 94.98 ms, found 1 plugins.
Preloading 0 native plugins for Editor in 0.00 ms.
Initialize engine version: 2020.3.8f1 (507919d4fff5)
[Subsystems] Discovering subsystems at path D:/download APP/2020.3.8f1/Editor/Data/Resources/UnitySubsystems
[Subsystems] Discovering subsystems at path D:/other code/Unity/SpaceGone/Assets
GfxDevice: creating device client; threaded=0
Direct3D:
    Version:  Direct3D 11.0 [level 11.0]
    Renderer: NVIDIA GeForce GTX 960M (ID=0x139b)
    Vendor:   
    VRAM:     4055 MB
    Driver:   23.21.13.9125
Initialize mono
Mono path[0] = 'D:/download APP/2020.3.8f1/Editor/Data/Managed'
Mono path[1] = 'D:/download APP/2020.3.8f1/Editor/Data/MonoBleedingEdge/lib/mono/unityjit'
Mono config path = 'D:/download APP/2020.3.8f1/Editor/Data/MonoBleedingEdge/etc'
Using monoOptions --debugger-agent=transport=dt_socket,embedding=1,server=y,suspend=n,address=127.0.0.1:56456
Begin MonoManager ReloadAssembly
Registering precompiled unity dll's ...
Register platform support module: D:/download APP/2020.3.8f1/Editor/Data/PlaybackEngines/WindowsStandaloneSupport/UnityEditor.WindowsStandalone.Extensions.dll
Registered in 0.001487 seconds.
Native extension for WindowsStandalone target not found
Refreshing native plugins compatible for Editor in 56.17 ms, found 1 plugins.
Preloading 0 native plugins for Editor in 0.00 ms.
Mono: successfully reloaded assembly
- Completed reload, in  2.229 seconds
Platform modules already initialized, skipping
Registering precompiled user dll's ...
Registered in 0.005165 seconds.
Begin MonoManager ReloadAssembly
Native extension for WindowsStandalone target not found
Refreshing native plugins compatible for Editor in 52.03 ms, found 1 plugins.
Preloading 0 native plugins for Editor in 0.00 ms.
Mono: successfully reloaded assembly
- Completed reload, in  1.455 seconds
Platform modules already initialized, skipping
========================================================================
Worker process is ready to serve import requests
Launched and connected shader compiler UnityShaderCompiler.exe after 0.16 seconds
Refreshing native plugins compatible for Editor in 1.66 ms, found 1 plugins.
Preloading 0 native plugins for Editor in 0.00 ms.
Unloading 2154 Unused Serialized files (Serialized files now loaded: 0)
System memory in use before: 95.9 MB.
System memory in use after: 95.8 MB.

Unloading 189 unused Assets to reduce memory usage. Loaded Objects now: 2448.
Total: 3.173700 ms (FindLiveObjects: 0.268000 ms CreateObjectMapping: 0.093700 ms MarkObjects: 2.526400 ms  DeleteObjects: 0.284400 ms)

========================================================================
Received Import Request.
  path: Assets/scripts/bullet.cs
  artifactKey: Guid(ab8456cb65b2bfd4f82de01aab2fbe9b) Importer(815301076,1909f56bfc062723c751e8b465ee728b)
Start importing Assets/scripts/bullet.cs using Guid(ab8456cb65b2bfd4f82de01aab2fbe9b) Importer(815301076,1909f56bfc062723c751e8b465ee728b)  -> (artifact id: 'cb4292fec2fbfc9c65e6b4e9b22f2b11') in 0.139407 seconds
  Import took 0.167765 seconds .

========================================================================
Received Prepare
Refreshing native plugins compatible for Editor in 33.18 ms, found 1 plugins.
Preloading 0 native plugins for Editor in 0.00 ms.
Unloading 174 Unused Serialized files (Serialized files now loaded: 0)
System memory in use before: 56.4 MB.
System memory in use after: 56.4 MB.

Unloading 174 unused Assets to reduce memory usage. Loaded Objects now: 2448.
Total: 3.328700 ms (FindLiveObjects: 0.247600 ms CreateObjectMapping: 0.083400 ms MarkObjects: 2.809500 ms  DeleteObjects: 0.186900 ms)

========================================================================
Received Import Request.
  Time since last request: 81.411983 seconds.
  path: Assets/scripts/playerControl.cs
  artifactKey: Guid(82a4706069b78434797a921888e472b9) Importer(815301076,1909f56bfc062723c751e8b465ee728b)
Start importing Assets/scripts/playerControl.cs using Guid(82a4706069b78434797a921888e472b9) Importer(815301076,1909f56bfc062723c751e8b465ee728b)  -> (artifact id: '5b9b548d727bfa9af53d540768a12c3d') in 0.013164 seconds
  Import took 0.086427 seconds .

========================================================================
Received Prepare
Registering precompiled user dll's ...
Registered in 0.005420 seconds.
Begin MonoManager ReloadAssembly
Native extension for WindowsStandalone target not found
Refreshing native plugins compatible for Editor in 2.06 ms, found 1 plugins.
Preloading 0 native plugins for Editor in 0.00 ms.
Mono: successfully reloaded assembly
- Completed reload, in  1.207 seconds
Platform modules already initialized, skipping
Switching build target platform(5) subTarget(0) extendedPlatform(0) -> platform(13) subTarget(537395200) extendedPlatform(0)
Refreshing native plugins compatible for Editor in 1.98 ms, found 1 plugins.
Preloading 0 native plugins for Editor in 0.00 ms.
Unloading 2150 Unused Serialized files (Serialized files now loaded: 0)
System memory in use before: 95.7 MB.
System memory in use after: 95.6 MB.

Unloading 177 unused Assets to reduce memory usage. Loaded Objects now: 2452.
Total: 4.224300 ms (FindLiveObjects: 0.625300 ms CreateObjectMapping: 0.149600 ms MarkObjects: 3.227000 ms  DeleteObjects: 0.220400 ms)

AssetImportParameters requested are different than current active one (requested -> active):
  custom:graphics/normal-map-encoding: 01000000000000000000000000000000 -> 02000000000000000000000000000000
========================================================================
Received Import Request.
  Time since last request: 169.140521 seconds.
  path: Assets/scripts/GameController.cs
  artifactKey: Guid(2e3ee5b4059e10749922c79efc8fc334) Importer(815301076,1909f56bfc062723c751e8b465ee728b)
Start importing Assets/scripts/GameController.cs using Guid(2e3ee5b4059e10749922c79efc8fc334) Importer(815301076,1909f56bfc062723c751e8b465ee728b)  -> (artifact id: 'ef308a3ae5744ad1ee2ec4c92b93d05f') in 0.083234 seconds
  Import took 0.106571 seconds .

========================================================================
Received Import Request.
  Time since last request: 13.937015 seconds.
  path: Assets/scripts/damage.cs
  artifactKey: Guid(836acc9398faee641a57fb20deb154af) Importer(815301076,1909f56bfc062723c751e8b465ee728b)
Start importing Assets/scripts/damage.cs using Guid(836acc9398faee641a57fb20deb154af) Importer(815301076,1909f56bfc062723c751e8b465ee728b)  -> (artifact id: '09ce963da03af66af867dabc8b1a109e') in 0.061197 seconds
  Import took 0.088662 seconds .

========================================================================
Received Import Request.
  Time since last request: 8.122173 seconds.
  path: Assets/scripts/FileSystem.cs
  artifactKey: Guid(0324ccaf4b34e5242939faccb7b9e104) Importer(815301076,1909f56bfc062723c751e8b465ee728b)
Start importing Assets/scripts/FileSystem.cs using Guid(0324ccaf4b34e5242939faccb7b9e104) Importer(815301076,1909f56bfc062723c751e8b465ee728b)  -> (artifact id: '80f6a86a90c2b62c4ae0a8d8643bd20a') in 0.061203 seconds
  Import took 0.098848 seconds .

========================================================================
Received Import Request.
  Time since last request: 44.762243 seconds.
  path: Assets/scripts/longClickButton.cs
  artifactKey: Guid(9b19b193eef0b8844a2060a26fcd7bf5) Importer(815301076,1909f56bfc062723c751e8b465ee728b)
Start importing Assets/scripts/longClickButton.cs using Guid(9b19b193eef0b8844a2060a26fcd7bf5) Importer(815301076,1909f56bfc062723c751e8b465ee728b)  -> (artifact id: '53dbcc76a3243308e57c20488ceb4b07') in 0.012257 seconds
  Import took 0.060381 seconds .

========================================================================
Received Import Request.
  Time since last request: 74.330651 seconds.
  path: Assets/scripts/changeVolume.cs
  artifactKey: Guid(b9c5e0d044670bb4fb0d36da4bd6d717) Importer(815301076,1909f56bfc062723c751e8b465ee728b)
Start importing Assets/scripts/changeVolume.cs using Guid(b9c5e0d044670bb4fb0d36da4bd6d717) Importer(815301076,1909f56bfc062723c751e8b465ee728b)  -> (artifact id: '4482ceb00663e3c957d068dbbc2299f0') in 0.059667 seconds
  Import took 0.083766 seconds .

========================================================================
Received Prepare
Registering precompiled user dll's ...
Registered in 0.011591 seconds.
Begin MonoManager ReloadAssembly
Native extension for WindowsStandalone target not found
Refreshing native plugins compatible for Editor in 2.05 ms, found 1 plugins.
Preloading 0 native plugins for Editor in 0.00 ms.
Mono: successfully reloaded assembly
- Completed reload, in  1.327 seconds
Platform modules already initialized, skipping
Switching build target platform(5) subTarget(0) extendedPlatform(0) -> platform(13) subTarget(537395200) extendedPlatform(0)
Refreshing native plugins compatible for Editor in 3.22 ms, found 1 plugins.
Preloading 0 native plugins for Editor in 0.00 ms.
Unloading 2150 Unused Serialized files (Serialized files now loaded: 0)
System memory in use before: 95.7 MB.
System memory in use after: 95.7 MB.

Unloading 177 unused Assets to reduce memory usage. Loaded Objects now: 2456.
Total: 3.705500 ms (FindLiveObjects: 0.246900 ms CreateObjectMapping: 0.101200 ms MarkObjects: 3.025500 ms  DeleteObjects: 0.330700 ms)

AssetImportParameters requested are different than current active one (requested -> active):
  custom:graphics/normal-map-encoding: 01000000000000000000000000000000 -> 02000000000000000000000000000000
========================================================================
Received Prepare
Registering precompiled user dll's ...
Registered in 0.005172 seconds.
Begin MonoManager ReloadAssembly
Native extension for WindowsStandalone target not found
Refreshing native plugins compatible for Editor in 2.41 ms, found 1 plugins.
Preloading 0 native plugins for Editor in 0.00 ms.
Mono: successfully reloaded assembly
- Completed reload, in  1.322 seconds
Platform modules already initialized, skipping
Switching build target platform(5) subTarget(0) extendedPlatform(0) -> platform(13) subTarget(537395200) extendedPlatform(0)
Refreshing native plugins compatible for Editor in 1.83 ms, found 1 plugins.
Preloading 0 native plugins for Editor in 0.00 ms.
Unloading 2150 Unused Serialized files (Serialized files now loaded: 0)
System memory in use before: 95.7 MB.
System memory in use after: 95.7 MB.

Unloading 177 unused Assets to reduce memory usage. Loaded Objects now: 2460.
Total: 2.887200 ms (FindLiveObjects: 0.227700 ms CreateObjectMapping: 0.105400 ms MarkObjects: 2.314000 ms  DeleteObjects: 0.238700 ms)

AssetImportParameters requested are different than current active one (requested -> active):
  custom:graphics/normal-map-encoding: 01000000000000000000000000000000 -> 02000000000000000000000000000000
========================================================================
Received Import Request.
  Time since last request: 56.841615 seconds.
  path: Assets/scripts/admob.cs
  artifactKey: Guid(803f059b1e7a21b4a84c0adfad6c8c67) Importer(815301076,1909f56bfc062723c751e8b465ee728b)
Start importing Assets/scripts/admob.cs using Guid(803f059b1e7a21b4a84c0adfad6c8c67) Importer(815301076,1909f56bfc062723c751e8b465ee728b)  -> (artifact id: '033471098ff5e456d56488fd7370a2f1') in 0.053088 seconds
  Import took 0.082225 seconds .

========================================================================
Received Prepare
Registering precompiled user dll's ...
Registered in 0.005854 seconds.
Begin MonoManager ReloadAssembly
Native extension for WindowsStandalone target not found
Refreshing native plugins compatible for Editor in 1.98 ms, found 1 plugins.
Preloading 0 native plugins for Editor in 0.00 ms.
Mono: successfully reloaded assembly
- Completed reload, in  1.239 seconds
Platform modules already initialized, skipping
Switching build target platform(5) subTarget(0) extendedPlatform(0) -> platform(13) subTarget(537395200) extendedPlatform(0)
Refreshing native plugins compatible for Editor in 1.91 ms, found 1 plugins.
Preloading 0 native plugins for Editor in 0.00 ms.
Unloading 2150 Unused Serialized files (Serialized files now loaded: 0)
System memory in use before: 95.7 MB.
System memory in use after: 95.7 MB.

Unloading 177 unused Assets to reduce memory usage. Loaded Objects now: 2464.
Total: 3.086700 ms (FindLiveObjects: 0.237500 ms CreateObjectMapping: 0.168100 ms MarkObjects: 2.446800 ms  DeleteObjects: 0.233000 ms)

AssetImportParameters requested are different than current active one (requested -> active):
  custom:graphics/normal-map-encoding: 01000000000000000000000000000000 -> 02000000000000000000000000000000
AssetImportWorkerClient::OnTransportError - code=2 error=End of file
